2025-04-18 17:27:05,448 [INFO] Пользователь с ID 7552809712 и именем None добавлен.
2025-04-18 17:34:00,188 [INFO] Пользователь с ID 7552809712 и именем None добавлен.
2025-04-18 17:34:44,925 [INFO] Получены праздники для пользователя с ID 7552809712.
2025-04-18 17:35:00,956 [INFO] Добавлен личный праздник 'мой др' для пользователя с ID 7552809712.
2025-04-18 17:35:04,963 [INFO] Получены праздники для пользователя с ID 7552809712.
2025-04-18 17:35:54,132 [INFO] Удалён праздник 'мой др' для пользователя с ID 7552809712.
2025-04-18 17:35:54,146 [INFO] Получены праздники для пользователя с ID 7552809712.
2025-04-18 17:36:30,116 [INFO] Пользователь с ID 2 и именем Bob добавлен.
2025-04-18 17:36:30,118 [INFO] Добавлен личный праздник 'Birthday' для пользователя с ID 2.
2025-04-18 17:36:30,119 [INFO] Получены праздники для пользователя с ID 2.
2025-04-18 17:36:30,122 [INFO] Пользователь с ID 1 и именем Alice добавлен.
2025-04-18 17:36:30,124 [INFO] Пользователь с ID 4 и именем Dave добавлен.
2025-04-18 17:36:30,126 [INFO] Добавлен личный праздник 'Event1' для пользователя с ID 4.
2025-04-18 17:36:30,127 [INFO] Добавлен личный праздник 'Event2' для пользователя с ID 4.
2025-04-18 17:36:30,129 [INFO] Удалены все праздники для пользователя с ID 4.
2025-04-18 17:36:30,131 [INFO] Получены праздники для пользователя с ID 4.
2025-04-18 17:36:30,134 [INFO] Пользователь с ID 3 и именем Charlie добавлен.
2025-04-18 17:36:30,135 [INFO] Добавлен личный праздник 'Test Day' для пользователя с ID 3.
2025-04-18 17:36:30,136 [INFO] Удалён праздник 'Test Day' для пользователя с ID 3.
2025-04-18 17:36:30,137 [INFO] Получены праздники для пользователя с ID 3.
2025-04-18 17:36:31,526 [INFO] Пользователь с ID 12345 и именем test_user добавлен.
2025-04-18 17:36:31,534 [INFO] Добавлен личный праздник 'Test Holiday' для пользователя с ID 12345.
2025-04-18 17:36:31,558 [INFO] Пользователь с ID 12345 и именем test_user добавлен.
2025-04-18 17:36:31,574 [INFO] Пользователь с ID 12345 и именем test_user добавлен.
2025-04-18 17:36:31,590 [INFO] Добавлен личный праздник 'Test Holiday 1' для пользователя с ID 12345.
2025-04-18 17:36:31,598 [INFO] Добавлен личный праздник 'Test Holiday 2' для пользователя с ID 12345.
2025-04-18 17:36:31,606 [INFO] Удалены все праздники для пользователя с ID 12345.
2025-04-18 17:36:31,622 [INFO] Пользователь с ID 12345 и именем test_user добавлен.
2025-04-18 17:36:31,630 [INFO] Добавлен личный праздник 'Test Holiday' для пользователя с ID 12345.
2025-04-18 17:36:31,638 [INFO] Удалён праздник 'Test Holiday' для пользователя с ID 12345.
2025-04-18 17:36:31,662 [INFO] Пользователь с ID 12345 и именем test_user добавлен.
2025-04-18 17:36:31,670 [INFO] Добавлен личный праздник 'Test Holiday' для пользователя с ID 12345.
2025-04-18 17:36:31,670 [INFO] Получены праздники для пользователя с ID 12345.
2025-04-18 17:36:31,686 [INFO] Пользователь с ID 9999 и именем test_user добавлен.
2025-04-18 17:36:31,694 [INFO] Добавлен личный праздник 'Test Day' для пользователя с ID 9999.
2025-04-18 17:36:31,694 [INFO] Получены праздники для пользователя с ID 9999.
2025-04-18 17:36:31,718 [INFO] Пользователь с ID 9999 и именем test_user добавлен.
2025-04-18 17:36:31,734 [INFO] Пользователь с ID 9999 и именем test_user добавлен.
2025-04-18 17:36:31,750 [INFO] Добавлен личный праздник 'Test 1' для пользователя с ID 9999.
2025-04-18 17:36:31,758 [INFO] Добавлен личный праздник 'Test 2' для пользователя с ID 9999.
2025-04-18 17:36:31,766 [INFO] Удалены все праздники для пользователя с ID 9999.
2025-04-18 17:36:31,766 [INFO] Получены праздники для пользователя с ID 9999.
2025-04-18 17:36:31,782 [INFO] Пользователь с ID 9999 и именем test_user добавлен.
2025-04-18 17:36:31,798 [INFO] Добавлен личный праздник 'Test Day' для пользователя с ID 9999.
2025-04-18 17:36:31,806 [INFO] Удалён праздник 'Test Day' для пользователя с ID 9999.
2025-04-18 17:36:31,806 [INFO] Получены праздники для пользователя с ID 9999.
2025-04-18 17:37:40,050 [INFO] Пользователь с ID 12345 и именем test_user добавлен.
2025-04-18 17:37:40,050 [INFO] Добавлен личный праздник 'Test Holiday' для пользователя с ID 12345.
2025-04-18 17:37:40,095 [INFO] Пользователь с ID 12345 и именем test_user добавлен.
2025-04-18 17:37:40,119 [INFO] Пользователь с ID 12345 и именем test_user добавлен.
2025-04-18 17:37:40,135 [INFO] Добавлен личный праздник 'Test Holiday 1' для пользователя с ID 12345.
2025-04-18 17:37:40,143 [INFO] Добавлен личный праздник 'Test Holiday 2' для пользователя с ID 12345.
2025-04-18 17:37:40,151 [INFO] Удалены все праздники для пользователя с ID 12345.
2025-04-18 17:37:40,175 [INFO] Пользователь с ID 12345 и именем test_user добавлен.
2025-04-18 17:37:40,191 [INFO] Добавлен личный праздник 'Test Holiday' для пользователя с ID 12345.
2025-04-18 17:37:40,199 [INFO] Удалён праздник 'Test Holiday' для пользователя с ID 12345.
2025-04-18 17:37:40,215 [INFO] Пользователь с ID 12345 и именем test_user добавлен.
2025-04-18 17:37:40,223 [INFO] Добавлен личный праздник 'Test Holiday' для пользователя с ID 12345.
2025-04-18 17:37:40,231 [INFO] Получены праздники для пользователя с ID 12345.
